mode: set
github.com/tiago-g-sales/temp-cep/cmd/main.go:20.12,23.16 2 0
github.com/tiago-g-sales/temp-cep/cmd/main.go:23.16,24.13 1 0
github.com/tiago-g-sales/temp-cep/cmd/main.go:27.2,28.49 2 0
github.com/tiago-g-sales/temp-cep/cmd/main.go:32.63,33.22 1 0
github.com/tiago-g-sales/temp-cep/cmd/main.go:33.22,36.3 2 0
github.com/tiago-g-sales/temp-cep/cmd/main.go:37.2,38.19 2 0
github.com/tiago-g-sales/temp-cep/cmd/main.go:38.19,41.3 2 0
github.com/tiago-g-sales/temp-cep/cmd/main.go:43.2,43.67 1 0
github.com/tiago-g-sales/temp-cep/cmd/main.go:43.67,47.3 3 0
github.com/tiago-g-sales/temp-cep/cmd/main.go:49.2,52.15 3 0
github.com/tiago-g-sales/temp-cep/cmd/main.go:52.15,56.3 3 0
github.com/tiago-g-sales/temp-cep/cmd/main.go:58.2,61.15 3 0
github.com/tiago-g-sales/temp-cep/cmd/main.go:61.15,64.3 2 0
github.com/tiago-g-sales/temp-cep/cmd/main.go:67.2,69.33 3 0
github.com/tiago-g-sales/temp-cep/configs/config.go:10.45,18.16 8 0
github.com/tiago-g-sales/temp-cep/configs/config.go:18.16,19.13 1 0
github.com/tiago-g-sales/temp-cep/configs/config.go:21.2,22.16 2 0
github.com/tiago-g-sales/temp-cep/configs/config.go:22.16,23.13 1 0
github.com/tiago-g-sales/temp-cep/configs/config.go:25.2,25.17 1 0
github.com/tiago-g-sales/temp-cep/configs/config.go:10.45,18.16 8 0
github.com/tiago-g-sales/temp-cep/configs/config.go:18.16,19.13 1 0
github.com/tiago-g-sales/temp-cep/configs/config.go:21.2,22.16 2 0
github.com/tiago-g-sales/temp-cep/configs/config.go:22.16,23.13 1 0
github.com/tiago-g-sales/temp-cep/configs/config.go:25.2,25.17 1 0
github.com/tiago-g-sales/temp-cep/internal/usecase/find_cep.go:20.54,22.2 1 0
github.com/tiago-g-sales/temp-cep/internal/usecase/find_cep.go:25.65,28.15 2 0
github.com/tiago-g-sales/temp-cep/internal/usecase/find_cep.go:28.15,30.3 1 0
github.com/tiago-g-sales/temp-cep/internal/usecase/find_cep.go:31.2,33.15 3 0
github.com/tiago-g-sales/temp-cep/internal/usecase/find_cep.go:33.15,35.3 1 0
github.com/tiago-g-sales/temp-cep/internal/usecase/find_cep.go:37.2,39.15 3 0
github.com/tiago-g-sales/temp-cep/internal/usecase/find_cep.go:39.15,41.3 1 0
github.com/tiago-g-sales/temp-cep/internal/usecase/find_cep.go:43.2,43.16 1 0
github.com/tiago-g-sales/temp-cep/internal/usecase/find_temp.go:24.62,26.2 1 0
github.com/tiago-g-sales/temp-cep/internal/usecase/find_temp.go:29.75,32.16 2 0
github.com/tiago-g-sales/temp-cep/internal/usecase/find_temp.go:32.16,33.13 1 0
github.com/tiago-g-sales/temp-cep/internal/usecase/find_temp.go:36.2,40.16 3 0
github.com/tiago-g-sales/temp-cep/internal/usecase/find_temp.go:40.16,42.3 1 0
github.com/tiago-g-sales/temp-cep/internal/usecase/find_temp.go:43.2,48.16 4 0
github.com/tiago-g-sales/temp-cep/internal/usecase/find_temp.go:48.16,49.13 1 0
github.com/tiago-g-sales/temp-cep/internal/usecase/find_temp.go:52.2,53.16 2 0
github.com/tiago-g-sales/temp-cep/internal/usecase/find_temp.go:53.16,54.13 1 0
github.com/tiago-g-sales/temp-cep/internal/usecase/find_temp.go:57.2,62.19 4 0
github.com/tiago-g-sales/temp-cep/internal/usecase/mocks/mock_client.go:12.40,14.3 1 1
github.com/tiago-g-sales/temp-cep/internal/usecase/mocks/mock_client.go:17.42,19.3 1 1
github.com/tiago-g-sales/temp-cep/internal/usecase/mocks/mock_client.go:23.67,26.27 2 1
github.com/tiago-g-sales/temp-cep/internal/usecase/mocks/mock_client.go:26.27,28.6 1 0
github.com/tiago-g-sales/temp-cep/internal/usecase/mocks/mock_client.go:29.5,29.54 1 1
github.com/tiago-g-sales/temp-cep/internal/usecase/mocks/mock_client.go:32.74,35.27 2 1
github.com/tiago-g-sales/temp-cep/internal/usecase/mocks/mock_client.go:35.27,37.6 1 0
github.com/tiago-g-sales/temp-cep/internal/usecase/mocks/mock_client.go:38.5,38.59 1 1
github.com/tiago-g-sales/temp-cep/internal/usecase/mocks/mock_client.go:12.40,14.3 1 0
github.com/tiago-g-sales/temp-cep/internal/usecase/mocks/mock_client.go:17.42,19.3 1 0
github.com/tiago-g-sales/temp-cep/internal/usecase/mocks/mock_client.go:23.67,26.27 2 0
github.com/tiago-g-sales/temp-cep/internal/usecase/mocks/mock_client.go:26.27,28.6 1 0
github.com/tiago-g-sales/temp-cep/internal/usecase/mocks/mock_client.go:29.5,29.54 1 0
github.com/tiago-g-sales/temp-cep/internal/usecase/mocks/mock_client.go:32.74,35.27 2 0
github.com/tiago-g-sales/temp-cep/internal/usecase/mocks/mock_client.go:35.27,37.6 1 0
github.com/tiago-g-sales/temp-cep/internal/usecase/mocks/mock_client.go:38.5,38.59 1 0
github.com/tiago-g-sales/temp-cep/pkg/utils.go:14.47,17.14 3 1
github.com/tiago-g-sales/temp-cep/pkg/utils.go:17.14,19.3 1 0
github.com/tiago-g-sales/temp-cep/pkg/utils.go:20.2,20.20 1 1
github.com/tiago-g-sales/temp-cep/pkg/utils.go:24.51,29.2 2 1
github.com/tiago-g-sales/temp-cep/pkg/utils.go:31.48,37.2 2 1
